<?xml version="1.0" encoding="UTF-8"?>
<!-- Generated by org.testng.reporters.JUnitReportReporter -->
<testsuite hostname="DESKTOP-GRQT257" failures="0" tests="1" name="practicepackage.instagram" time="5.423" errors="0" timestamp="2023-07-05T21:44:07 IST" skipped="0">
  <testcase classname="practicepackage.instagram" name="insta" time="5.423">
    <system-out>
      <![CDATA[lauching the instagram.....]]>
    </system-out>
  </testcase> <!-- insta -->
  <system-out>
    <![CDATA[lauching the facebook.....
lauching the instagram.....]]>
  </system-out>
</testsuite> <!-- practicepackage.instagram -->
