<?xml version="1.0" encoding="UTF-8"?>
<!-- Generated by org.testng.reporters.JUnitReportReporter -->
<testsuite hostname="DESKTOP-GRQT257" failures="0" tests="1" name="practicepackage.Facebook" time="6.853" errors="0" timestamp="2023-07-05T21:44:07 IST" skipped="0">
  <testcase classname="practicepackage.Facebook" name="FB" time="6.853">
    <system-out>
      <![CDATA[lauching the facebook.....]]>
    </system-out>
  </testcase> <!-- FB -->
  <system-out>
    <![CDATA[lauching the facebook.....
lauching the instagram.....]]>
  </system-out>
</testsuite> <!-- practicepackage.Facebook -->
